Analysis & Synthesis report for mips_processor
Wed Mar 22 23:12:19 2023
Quartus II 64-Bit Version 13.0.1 Build 232 06/12/2013 Service Pack 1 SJ Web Edition


---------------------
; Table of Contents ;
---------------------
  1. Legal Notice
  2. Analysis & Synthesis Summary
  3. Analysis & Synthesis Settings
  4. Parallel Compilation
  5. Analysis & Synthesis Source Files Read
  6. Analysis & Synthesis Resource Usage Summary
  7. Analysis & Synthesis Resource Utilization by Entity
  8. General Register Statistics
  9. Multiplexer Restructuring Statistics (Restructuring Performed)
 10. Port Connectivity Checks: "CLA_top:adder"
 11. Port Connectivity Checks: "alu8bit:alu|mux8to1_8bit:mux"
 12. Port Connectivity Checks: "alu8bit:alu|CLA_top2:suber"
 13. Port Connectivity Checks: "alu8bit:alu|CLA_top2:adder"
 14. Port Connectivity Checks: "registerFile:rf|enreg8bit:reg0|mydff:bit7"
 15. Port Connectivity Checks: "registerFile:rf|enreg8bit:reg0|mydff:bit6"
 16. Port Connectivity Checks: "registerFile:rf|enreg8bit:reg0|mydff:bit5"
 17. Port Connectivity Checks: "registerFile:rf|enreg8bit:reg0|mydff:bit4"
 18. Port Connectivity Checks: "registerFile:rf|enreg8bit:reg0|mydff:bit3"
 19. Port Connectivity Checks: "registerFile:rf|enreg8bit:reg0|mydff:bit2"
 20. Port Connectivity Checks: "registerFile:rf|enreg8bit:reg0|mydff:bit1"
 21. Port Connectivity Checks: "registerFile:rf|enreg8bit:reg0|mydff:bit0"
 22. Port Connectivity Checks: "registerFile:rf"
 23. Elapsed Time Per Partition
 24. Analysis & Synthesis Messages



----------------
; Legal Notice ;
----------------
Copyright (C) 1991-2013 Altera Corporation
Your use of Altera Corporation's design tools, logic functions 
and other software and tools, and its AMPP partner logic 
functions, and any output files from any of the foregoing 
(including device programming or simulation files), and any 
associated documentation or information are expressly subject 
to the terms and conditions of the Altera Program License 
Subscription Agreement, Altera MegaCore Function License 
Agreement, or other applicable license agreement, including, 
without limitation, that your use is for the sole purpose of 
programming logic devices manufactured by Altera and sold by 
Altera or its authorized distributors.  Please refer to the 
applicable agreement for further details.



+--------------------------------------------------------------------------------------+
; Analysis & Synthesis Summary                                                         ;
+------------------------------------+-------------------------------------------------+
; Analysis & Synthesis Status        ; Successful - Wed Mar 22 23:12:19 2023           ;
; Quartus II 64-Bit Version          ; 13.0.1 Build 232 06/12/2013 SP 1 SJ Web Edition ;
; Revision Name                      ; mips_processor                                  ;
; Top-level Entity Name              ; subtop                                          ;
; Family                             ; Cyclone IV E                                    ;
; Total logic elements               ; 263                                             ;
;     Total combinational functions  ; 199                                             ;
;     Dedicated logic registers      ; 64                                              ;
; Total registers                    ; 64                                              ;
; Total pins                         ; 80                                              ;
; Total virtual pins                 ; 0                                               ;
; Total memory bits                  ; 0                                               ;
; Embedded Multiplier 9-bit elements ; 0                                               ;
; Total PLLs                         ; 0                                               ;
+------------------------------------+-------------------------------------------------+


+----------------------------------------------------------------------------------------------------------------------+
; Analysis & Synthesis Settings                                                                                        ;
+----------------------------------------------------------------------------+--------------------+--------------------+
; Option                                                                     ; Setting            ; Default Value      ;
+----------------------------------------------------------------------------+--------------------+--------------------+
; Device                                                                     ; EP4CE115F29C7      ;                    ;
; Top-level entity name                                                      ; subtop             ; mips_processor     ;
; Family name                                                                ; Cyclone IV E       ; Cyclone IV GX      ;
; Use smart compilation                                                      ; Off                ; Off                ;
; Enable parallel Assembler and TimeQuest Timing Analyzer during compilation ; On                 ; On                 ;
; Enable compact report table                                                ; Off                ; Off                ;
; Restructure Multiplexers                                                   ; Auto               ; Auto               ;
; Create Debugging Nodes for IP Cores                                        ; Off                ; Off                ;
; Preserve fewer node names                                                  ; On                 ; On                 ;
; Disable OpenCore Plus hardware evaluation                                  ; Off                ; Off                ;
; Verilog Version                                                            ; Verilog_2001       ; Verilog_2001       ;
; VHDL Version                                                               ; VHDL_1993          ; VHDL_1993          ;
; State Machine Processing                                                   ; Auto               ; Auto               ;
; Safe State Machine                                                         ; Off                ; Off                ;
; Extract Verilog State Machines                                             ; On                 ; On                 ;
; Extract VHDL State Machines                                                ; On                 ; On                 ;
; Ignore Verilog initial constructs                                          ; Off                ; Off                ;
; Iteration limit for constant Verilog loops                                 ; 5000               ; 5000               ;
; Iteration limit for non-constant Verilog loops                             ; 250                ; 250                ;
; Add Pass-Through Logic to Inferred RAMs                                    ; On                 ; On                 ;
; Infer RAMs from Raw Logic                                                  ; On                 ; On                 ;
; Parallel Synthesis                                                         ; On                 ; On                 ;
; DSP Block Balancing                                                        ; Auto               ; Auto               ;
; NOT Gate Push-Back                                                         ; On                 ; On                 ;
; Power-Up Don't Care                                                        ; On                 ; On                 ;
; Remove Redundant Logic Cells                                               ; Off                ; Off                ;
; Remove Duplicate Registers                                                 ; On                 ; On                 ;
; Ignore CARRY Buffers                                                       ; Off                ; Off                ;
; Ignore CASCADE Buffers                                                     ; Off                ; Off                ;
; Ignore GLOBAL Buffers                                                      ; Off                ; Off                ;
; Ignore ROW GLOBAL Buffers                                                  ; Off                ; Off                ;
; Ignore LCELL Buffers                                                       ; Off                ; Off                ;
; Ignore SOFT Buffers                                                        ; On                 ; On                 ;
; Limit AHDL Integers to 32 Bits                                             ; Off                ; Off                ;
; Optimization Technique                                                     ; Balanced           ; Balanced           ;
; Carry Chain Length                                                         ; 70                 ; 70                 ;
; Auto Carry Chains                                                          ; On                 ; On                 ;
; Auto Open-Drain Pins                                                       ; On                 ; On                 ;
; Perform WYSIWYG Primitive Resynthesis                                      ; Off                ; Off                ;
; Auto ROM Replacement                                                       ; On                 ; On                 ;
; Auto RAM Replacement                                                       ; On                 ; On                 ;
; Auto DSP Block Replacement                                                 ; On                 ; On                 ;
; Auto Shift Register Replacement                                            ; Auto               ; Auto               ;
; Allow Shift Register Merging across Hierarchies                            ; Auto               ; Auto               ;
; Auto Clock Enable Replacement                                              ; On                 ; On                 ;
; Strict RAM Replacement                                                     ; Off                ; Off                ;
; Allow Synchronous Control Signals                                          ; On                 ; On                 ;
; Force Use of Synchronous Clear Signals                                     ; Off                ; Off                ;
; Auto RAM Block Balancing                                                   ; On                 ; On                 ;
; Auto RAM to Logic Cell Conversion                                          ; Off                ; Off                ;
; Auto Resource Sharing                                                      ; Off                ; Off                ;
; Allow Any RAM Size For Recognition                                         ; Off                ; Off                ;
; Allow Any ROM Size For Recognition                                         ; Off                ; Off                ;
; Allow Any Shift Register Size For Recognition                              ; Off                ; Off                ;
; Use LogicLock Constraints during Resource Balancing                        ; On                 ; On                 ;
; Ignore translate_off and synthesis_off directives                          ; Off                ; Off                ;
; Timing-Driven Synthesis                                                    ; On                 ; On                 ;
; Report Parameter Settings                                                  ; On                 ; On                 ;
; Report Source Assignments                                                  ; On                 ; On                 ;
; Report Connectivity Checks                                                 ; On                 ; On                 ;
; Ignore Maximum Fan-Out Assignments                                         ; Off                ; Off                ;
; Synchronization Register Chain Length                                      ; 2                  ; 2                  ;
; PowerPlay Power Optimization                                               ; Normal compilation ; Normal compilation ;
; HDL message level                                                          ; Level2             ; Level2             ;
; Suppress Register Optimization Related Messages                            ; Off                ; Off                ;
; Number of Removed Registers Reported in Synthesis Report                   ; 5000               ; 5000               ;
; Number of Swept Nodes Reported in Synthesis Report                         ; 5000               ; 5000               ;
; Number of Inverted Registers Reported in Synthesis Report                  ; 100                ; 100                ;
; Clock MUX Protection                                                       ; On                 ; On                 ;
; Auto Gated Clock Conversion                                                ; Off                ; Off                ;
; Block Design Naming                                                        ; Auto               ; Auto               ;
; SDC constraint protection                                                  ; Off                ; Off                ;
; Synthesis Effort                                                           ; Auto               ; Auto               ;
; Shift Register Replacement - Allow Asynchronous Clear Signal               ; On                 ; On                 ;
; Pre-Mapping Resynthesis Optimization                                       ; Off                ; Off                ;
; Analysis & Synthesis Message Level                                         ; Medium             ; Medium             ;
; Disable Register Merging Across Hierarchies                                ; Auto               ; Auto               ;
; Resource Aware Inference For Block RAM                                     ; On                 ; On                 ;
; Synthesis Seed                                                             ; 1                  ; 1                  ;
+----------------------------------------------------------------------------+--------------------+--------------------+


Parallel compilation was disabled, but you have multiple processors available. Enable parallel compilation to reduce compilation time.
+-------------------------------------+
; Parallel Compilation                ;
+----------------------------+--------+
; Processors                 ; Number ;
+----------------------------+--------+
; Number detected on machine ; 16     ;
; Maximum allowed            ; 1      ;
+----------------------------+--------+


+----------------------------------------------------------------------------------------------------------------------------------------------+
; Analysis & Synthesis Source Files Read                                                                                                       ;
+----------------------------------+-----------------+-----------------+-------------------------------------------------------------+---------+
; File Name with User-Entered Path ; Used in Netlist ; File Type       ; File Name with Absolute Path                                ; Library ;
+----------------------------------+-----------------+-----------------+-------------------------------------------------------------+---------+
; PartialAdder.vhd                 ; yes             ; User VHDL File  ; C:/Users/Joe/Shared/GitHub/mips-processor/PartialAdder.vhd  ;         ;
; ControlUnit.vhd                  ; yes             ; User VHDL File  ; C:/Users/Joe/Shared/GitHub/mips-processor/ControlUnit.vhd   ;         ;
; CLA_top.vhd                      ; yes             ; User VHDL File  ; C:/Users/Joe/Shared/GitHub/mips-processor/CLA_top.vhd       ;         ;
; ALUCtrlUnit.vhd                  ; yes             ; User VHDL File  ; C:/Users/Joe/Shared/GitHub/mips-processor/ALUCtrlUnit.vhd   ;         ;
; mydff.vhd                        ; yes             ; User VHDL File  ; C:/Users/Joe/Shared/GitHub/mips-processor/mydff.vhd         ;         ;
; enreg8bit.vhd                    ; yes             ; User VHDL File  ; C:/Users/Joe/Shared/GitHub/mips-processor/enreg8bit.vhd     ;         ;
; mux2to1_8bit.vhd                 ; yes             ; User VHDL File  ; C:/Users/Joe/Shared/GitHub/mips-processor/mux2to1_8bit.vhd  ;         ;
; mux8to1_8bit.vhd                 ; yes             ; User VHDL File  ; C:/Users/Joe/Shared/GitHub/mips-processor/mux8to1_8bit.vhd  ;         ;
; decoder3to8.vhd                  ; yes             ; User VHDL File  ; C:/Users/Joe/Shared/GitHub/mips-processor/decoder3to8.vhd   ;         ;
; registerFile.vhd                 ; yes             ; User VHDL File  ; C:/Users/Joe/Shared/GitHub/mips-processor/registerFile.vhd  ;         ;
; CLA_top2.vhd                     ; yes             ; User VHDL File  ; C:/Users/Joe/Shared/GitHub/mips-processor/CLA_top2.vhd      ;         ;
; alu8bit.vhd                      ; yes             ; User VHDL File  ; C:/Users/Joe/Shared/GitHub/mips-processor/alu8bit.vhd       ;         ;
; subtop.vhd                       ; yes             ; User VHDL File  ; C:/Users/Joe/Shared/GitHub/mips-processor/subtop.vhd        ;         ;
; mux2to1_3bit.vhd                 ; yes             ; User VHDL File  ; C:/Users/Joe/Shared/GitHub/mips-processor/mux2to1_3bit.vhd  ;         ;
; mux2to1_10bit.vhd                ; yes             ; User VHDL File  ; C:/Users/Joe/Shared/GitHub/mips-processor/mux2to1_10bit.vhd ;         ;
+----------------------------------+-----------------+-----------------+-------------------------------------------------------------+---------+


+-----------------------------------------------------------+
; Analysis & Synthesis Resource Usage Summary               ;
+---------------------------------------------+-------------+
; Resource                                    ; Usage       ;
+---------------------------------------------+-------------+
; Estimated Total logic elements              ; 263         ;
;                                             ;             ;
; Total combinational functions               ; 199         ;
; Logic element usage by number of LUT inputs ;             ;
;     -- 4 input functions                    ; 140         ;
;     -- 3 input functions                    ; 58          ;
;     -- <=2 input functions                  ; 1           ;
;                                             ;             ;
; Logic elements by mode                      ;             ;
;     -- normal mode                          ; 199         ;
;     -- arithmetic mode                      ; 0           ;
;                                             ;             ;
; Total registers                             ; 64          ;
;     -- Dedicated logic registers            ; 64          ;
;     -- I/O registers                        ; 0           ;
;                                             ;             ;
; I/O pins                                    ; 80          ;
; Embedded Multiplier 9-bit elements          ; 0           ;
; Maximum fan-out node                        ; i_clk~input ;
; Maximum fan-out                             ; 64          ;
; Total fan-out                               ; 1037        ;
; Average fan-out                             ; 2.45        ;
+---------------------------------------------+-------------+


+------------------------------------------------------------------------------------------------------------------------------------------------------------------------------------------------------------------------------+
; Analysis & Synthesis Resource Utilization by Entity                                                                                                                                                                          ;
+--------------------------------+-------------------+--------------+-------------+--------------+---------+-----------+------+--------------+------------------------------------------------------------------+--------------+
; Compilation Hierarchy Node     ; LC Combinationals ; LC Registers ; Memory Bits ; DSP Elements ; DSP 9x9 ; DSP 18x18 ; Pins ; Virtual Pins ; Full Hierarchy Name                                              ; Library Name ;
+--------------------------------+-------------------+--------------+-------------+--------------+---------+-----------+------+--------------+------------------------------------------------------------------+--------------+
; |subtop                        ; 199 (3)           ; 64 (0)       ; 0           ; 0            ; 0       ; 0         ; 80   ; 0            ; |subtop                                                          ; work         ;
;    |ALUCtrlUnit:aluctl|        ; 3 (3)             ; 0 (0)        ; 0           ; 0            ; 0       ; 0         ; 0    ; 0            ; |subtop|ALUCtrlUnit:aluctl                                       ; work         ;
;    |CLA_top:adder|             ; 10 (7)            ; 0 (0)        ; 0           ; 0            ; 0       ; 0         ; 0    ; 0            ; |subtop|CLA_top:adder                                            ; work         ;
;       |PartialAdder:PA3|       ; 1 (1)             ; 0 (0)        ; 0           ; 0            ; 0       ; 0         ; 0    ; 0            ; |subtop|CLA_top:adder|PartialAdder:PA3                           ; work         ;
;       |PartialAdder:PA7|       ; 1 (1)             ; 0 (0)        ; 0           ; 0            ; 0       ; 0         ; 0    ; 0            ; |subtop|CLA_top:adder|PartialAdder:PA7                           ; work         ;
;       |PartialAdder:PA9|       ; 1 (1)             ; 0 (0)        ; 0           ; 0            ; 0       ; 0         ; 0    ; 0            ; |subtop|CLA_top:adder|PartialAdder:PA9                           ; work         ;
;    |ControlUnit:ctl|           ; 7 (7)             ; 0 (0)        ; 0           ; 0            ; 0       ; 0         ; 0    ; 0            ; |subtop|ControlUnit:ctl                                          ; work         ;
;    |alu8bit:alu|               ; 56 (0)            ; 0 (0)        ; 0           ; 0            ; 0       ; 0         ; 0    ; 0            ; |subtop|alu8bit:alu                                              ; work         ;
;       |CLA_top2:adder|         ; 9 (6)             ; 0 (0)        ; 0           ; 0            ; 0       ; 0         ; 0    ; 0            ; |subtop|alu8bit:alu|CLA_top2:adder                               ; work         ;
;          |PartialAdder:PA0|    ; 1 (1)             ; 0 (0)        ; 0           ; 0            ; 0       ; 0         ; 0    ; 0            ; |subtop|alu8bit:alu|CLA_top2:adder|PartialAdder:PA0              ; work         ;
;          |PartialAdder:PA3|    ; 1 (1)             ; 0 (0)        ; 0           ; 0            ; 0       ; 0         ; 0    ; 0            ; |subtop|alu8bit:alu|CLA_top2:adder|PartialAdder:PA3              ; work         ;
;          |PartialAdder:PA7|    ; 1 (1)             ; 0 (0)        ; 0           ; 0            ; 0       ; 0         ; 0    ; 0            ; |subtop|alu8bit:alu|CLA_top2:adder|PartialAdder:PA7              ; work         ;
;       |CLA_top2:suber|         ; 10 (5)            ; 0 (0)        ; 0           ; 0            ; 0       ; 0         ; 0    ; 0            ; |subtop|alu8bit:alu|CLA_top2:suber                               ; work         ;
;          |PartialAdder:PA0|    ; 1 (1)             ; 0 (0)        ; 0           ; 0            ; 0       ; 0         ; 0    ; 0            ; |subtop|alu8bit:alu|CLA_top2:suber|PartialAdder:PA0              ; work         ;
;          |PartialAdder:PA4|    ; 1 (1)             ; 0 (0)        ; 0           ; 0            ; 0       ; 0         ; 0    ; 0            ; |subtop|alu8bit:alu|CLA_top2:suber|PartialAdder:PA4              ; work         ;
;          |PartialAdder:PA5|    ; 1 (1)             ; 0 (0)        ; 0           ; 0            ; 0       ; 0         ; 0    ; 0            ; |subtop|alu8bit:alu|CLA_top2:suber|PartialAdder:PA5              ; work         ;
;          |PartialAdder:PA6|    ; 1 (1)             ; 0 (0)        ; 0           ; 0            ; 0       ; 0         ; 0    ; 0            ; |subtop|alu8bit:alu|CLA_top2:suber|PartialAdder:PA6              ; work         ;
;          |PartialAdder:PA7|    ; 1 (1)             ; 0 (0)        ; 0           ; 0            ; 0       ; 0         ; 0    ; 0            ; |subtop|alu8bit:alu|CLA_top2:suber|PartialAdder:PA7              ; work         ;
;       |mux8to1_8bit:mux|       ; 37 (0)            ; 0 (0)        ; 0           ; 0            ; 0       ; 0         ; 0    ; 0            ; |subtop|alu8bit:alu|mux8to1_8bit:mux                             ; work         ;
;          |mux2to1_8bit:mux01|  ; 7 (7)             ; 0 (0)        ; 0           ; 0            ; 0       ; 0         ; 0    ; 0            ; |subtop|alu8bit:alu|mux8to1_8bit:mux|mux2to1_8bit:mux01          ; work         ;
;          |mux2to1_8bit:muxout| ; 30 (30)           ; 0 (0)        ; 0           ; 0            ; 0       ; 0         ; 0    ; 0            ; |subtop|alu8bit:alu|mux8to1_8bit:mux|mux2to1_8bit:muxout         ; work         ;
;    |mux2to1_10bit:branchMux|   ; 8 (8)             ; 0 (0)        ; 0           ; 0            ; 0       ; 0         ; 0    ; 0            ; |subtop|mux2to1_10bit:branchMux                                  ; work         ;
;    |mux2to1_3bit:rtrdMux|      ; 2 (2)             ; 0 (0)        ; 0           ; 0            ; 0       ; 0         ; 0    ; 0            ; |subtop|mux2to1_3bit:rtrdMux                                     ; work         ;
;    |mux2to1_8bit:aluMux|       ; 20 (20)           ; 0 (0)        ; 0           ; 0            ; 0       ; 0         ; 0    ; 0            ; |subtop|mux2to1_8bit:aluMux                                      ; work         ;
;    |registerFile:rf|           ; 90 (10)           ; 64 (0)       ; 0           ; 0            ; 0       ; 0         ; 0    ; 0            ; |subtop|registerFile:rf                                          ; work         ;
;       |enreg8bit:reg0|         ; 0 (0)             ; 8 (0)        ; 0           ; 0            ; 0       ; 0         ; 0    ; 0            ; |subtop|registerFile:rf|enreg8bit:reg0                           ; work         ;
;          |mydff:bit0|          ; 0 (0)             ; 1 (1)        ; 0           ; 0            ; 0       ; 0         ; 0    ; 0            ; |subtop|registerFile:rf|enreg8bit:reg0|mydff:bit0                ; work         ;
;          |mydff:bit1|          ; 0 (0)             ; 1 (1)        ; 0           ; 0            ; 0       ; 0         ; 0    ; 0            ; |subtop|registerFile:rf|enreg8bit:reg0|mydff:bit1                ; work         ;
;          |mydff:bit2|          ; 0 (0)             ; 1 (1)        ; 0           ; 0            ; 0       ; 0         ; 0    ; 0            ; |subtop|registerFile:rf|enreg8bit:reg0|mydff:bit2                ; work         ;
;          |mydff:bit3|          ; 0 (0)             ; 1 (1)        ; 0           ; 0            ; 0       ; 0         ; 0    ; 0            ; |subtop|registerFile:rf|enreg8bit:reg0|mydff:bit3                ; work         ;
;          |mydff:bit4|          ; 0 (0)             ; 1 (1)        ; 0           ; 0            ; 0       ; 0         ; 0    ; 0            ; |subtop|registerFile:rf|enreg8bit:reg0|mydff:bit4                ; work         ;
;          |mydff:bit5|          ; 0 (0)             ; 1 (1)        ; 0           ; 0            ; 0       ; 0         ; 0    ; 0            ; |subtop|registerFile:rf|enreg8bit:reg0|mydff:bit5                ; work         ;
;          |mydff:bit6|          ; 0 (0)             ; 1 (1)        ; 0           ; 0            ; 0       ; 0         ; 0    ; 0            ; |subtop|registerFile:rf|enreg8bit:reg0|mydff:bit6                ; work         ;
;          |mydff:bit7|          ; 0 (0)             ; 1 (1)        ; 0           ; 0            ; 0       ; 0         ; 0    ; 0            ; |subtop|registerFile:rf|enreg8bit:reg0|mydff:bit7                ; work         ;
;       |enreg8bit:reg1|         ; 0 (0)             ; 8 (0)        ; 0           ; 0            ; 0       ; 0         ; 0    ; 0            ; |subtop|registerFile:rf|enreg8bit:reg1                           ; work         ;
;          |mydff:bit0|          ; 0 (0)             ; 1 (1)        ; 0           ; 0            ; 0       ; 0         ; 0    ; 0            ; |subtop|registerFile:rf|enreg8bit:reg1|mydff:bit0                ; work         ;
;          |mydff:bit1|          ; 0 (0)             ; 1 (1)        ; 0           ; 0            ; 0       ; 0         ; 0    ; 0            ; |subtop|registerFile:rf|enreg8bit:reg1|mydff:bit1                ; work         ;
;          |mydff:bit2|          ; 0 (0)             ; 1 (1)        ; 0           ; 0            ; 0       ; 0         ; 0    ; 0            ; |subtop|registerFile:rf|enreg8bit:reg1|mydff:bit2                ; work         ;
;          |mydff:bit3|          ; 0 (0)             ; 1 (1)        ; 0           ; 0            ; 0       ; 0         ; 0    ; 0            ; |subtop|registerFile:rf|enreg8bit:reg1|mydff:bit3                ; work         ;
;          |mydff:bit4|          ; 0 (0)             ; 1 (1)        ; 0           ; 0            ; 0       ; 0         ; 0    ; 0            ; |subtop|registerFile:rf|enreg8bit:reg1|mydff:bit4                ; work         ;
;          |mydff:bit5|          ; 0 (0)             ; 1 (1)        ; 0           ; 0            ; 0       ; 0         ; 0    ; 0            ; |subtop|registerFile:rf|enreg8bit:reg1|mydff:bit5                ; work         ;
;          |mydff:bit6|          ; 0 (0)             ; 1 (1)        ; 0           ; 0            ; 0       ; 0         ; 0    ; 0            ; |subtop|registerFile:rf|enreg8bit:reg1|mydff:bit6                ; work         ;
;          |mydff:bit7|          ; 0 (0)             ; 1 (1)        ; 0           ; 0            ; 0       ; 0         ; 0    ; 0            ; |subtop|registerFile:rf|enreg8bit:reg1|mydff:bit7                ; work         ;
;       |enreg8bit:reg2|         ; 0 (0)             ; 8 (0)        ; 0           ; 0            ; 0       ; 0         ; 0    ; 0            ; |subtop|registerFile:rf|enreg8bit:reg2                           ; work         ;
;          |mydff:bit0|          ; 0 (0)             ; 1 (1)        ; 0           ; 0            ; 0       ; 0         ; 0    ; 0            ; |subtop|registerFile:rf|enreg8bit:reg2|mydff:bit0                ; work         ;
;          |mydff:bit1|          ; 0 (0)             ; 1 (1)        ; 0           ; 0            ; 0       ; 0         ; 0    ; 0            ; |subtop|registerFile:rf|enreg8bit:reg2|mydff:bit1                ; work         ;
;          |mydff:bit2|          ; 0 (0)             ; 1 (1)        ; 0           ; 0            ; 0       ; 0         ; 0    ; 0            ; |subtop|registerFile:rf|enreg8bit:reg2|mydff:bit2                ; work         ;
;          |mydff:bit3|          ; 0 (0)             ; 1 (1)        ; 0           ; 0            ; 0       ; 0         ; 0    ; 0            ; |subtop|registerFile:rf|enreg8bit:reg2|mydff:bit3                ; work         ;
;          |mydff:bit4|          ; 0 (0)             ; 1 (1)        ; 0           ; 0            ; 0       ; 0         ; 0    ; 0            ; |subtop|registerFile:rf|enreg8bit:reg2|mydff:bit4                ; work         ;
;          |mydff:bit5|          ; 0 (0)             ; 1 (1)        ; 0           ; 0            ; 0       ; 0         ; 0    ; 0            ; |subtop|registerFile:rf|enreg8bit:reg2|mydff:bit5                ; work         ;
;          |mydff:bit6|          ; 0 (0)             ; 1 (1)        ; 0           ; 0            ; 0       ; 0         ; 0    ; 0            ; |subtop|registerFile:rf|enreg8bit:reg2|mydff:bit6                ; work         ;
;          |mydff:bit7|          ; 0 (0)             ; 1 (1)        ; 0           ; 0            ; 0       ; 0         ; 0    ; 0            ; |subtop|registerFile:rf|enreg8bit:reg2|mydff:bit7                ; work         ;
;       |enreg8bit:reg3|         ; 0 (0)             ; 8 (0)        ; 0           ; 0            ; 0       ; 0         ; 0    ; 0            ; |subtop|registerFile:rf|enreg8bit:reg3                           ; work         ;
;          |mydff:bit0|          ; 0 (0)             ; 1 (1)        ; 0           ; 0            ; 0       ; 0         ; 0    ; 0            ; |subtop|registerFile:rf|enreg8bit:reg3|mydff:bit0                ; work         ;
;          |mydff:bit1|          ; 0 (0)             ; 1 (1)        ; 0           ; 0            ; 0       ; 0         ; 0    ; 0            ; |subtop|registerFile:rf|enreg8bit:reg3|mydff:bit1                ; work         ;
;          |mydff:bit2|          ; 0 (0)             ; 1 (1)        ; 0           ; 0            ; 0       ; 0         ; 0    ; 0            ; |subtop|registerFile:rf|enreg8bit:reg3|mydff:bit2                ; work         ;
;          |mydff:bit3|          ; 0 (0)             ; 1 (1)        ; 0           ; 0            ; 0       ; 0         ; 0    ; 0            ; |subtop|registerFile:rf|enreg8bit:reg3|mydff:bit3                ; work         ;
;          |mydff:bit4|          ; 0 (0)             ; 1 (1)        ; 0           ; 0            ; 0       ; 0         ; 0    ; 0            ; |subtop|registerFile:rf|enreg8bit:reg3|mydff:bit4                ; work         ;
;          |mydff:bit5|          ; 0 (0)             ; 1 (1)        ; 0           ; 0            ; 0       ; 0         ; 0    ; 0            ; |subtop|registerFile:rf|enreg8bit:reg3|mydff:bit5                ; work         ;
;          |mydff:bit6|          ; 0 (0)             ; 1 (1)        ; 0           ; 0            ; 0       ; 0         ; 0    ; 0            ; |subtop|registerFile:rf|enreg8bit:reg3|mydff:bit6                ; work         ;
;          |mydff:bit7|          ; 0 (0)             ; 1 (1)        ; 0           ; 0            ; 0       ; 0         ; 0    ; 0            ; |subtop|registerFile:rf|enreg8bit:reg3|mydff:bit7                ; work         ;
;       |enreg8bit:reg4|         ; 0 (0)             ; 8 (0)        ; 0           ; 0            ; 0       ; 0         ; 0    ; 0            ; |subtop|registerFile:rf|enreg8bit:reg4                           ; work         ;
;          |mydff:bit0|          ; 0 (0)             ; 1 (1)        ; 0           ; 0            ; 0       ; 0         ; 0    ; 0            ; |subtop|registerFile:rf|enreg8bit:reg4|mydff:bit0                ; work         ;
;          |mydff:bit1|          ; 0 (0)             ; 1 (1)        ; 0           ; 0            ; 0       ; 0         ; 0    ; 0            ; |subtop|registerFile:rf|enreg8bit:reg4|mydff:bit1                ; work         ;
;          |mydff:bit2|          ; 0 (0)             ; 1 (1)        ; 0           ; 0            ; 0       ; 0         ; 0    ; 0            ; |subtop|registerFile:rf|enreg8bit:reg4|mydff:bit2                ; work         ;
;          |mydff:bit3|          ; 0 (0)             ; 1 (1)        ; 0           ; 0            ; 0       ; 0         ; 0    ; 0            ; |subtop|registerFile:rf|enreg8bit:reg4|mydff:bit3                ; work         ;
;          |mydff:bit4|          ; 0 (0)             ; 1 (1)        ; 0           ; 0            ; 0       ; 0         ; 0    ; 0            ; |subtop|registerFile:rf|enreg8bit:reg4|mydff:bit4                ; work         ;
;          |mydff:bit5|          ; 0 (0)             ; 1 (1)        ; 0           ; 0            ; 0       ; 0         ; 0    ; 0            ; |subtop|registerFile:rf|enreg8bit:reg4|mydff:bit5                ; work         ;
;          |mydff:bit6|          ; 0 (0)             ; 1 (1)        ; 0           ; 0            ; 0       ; 0         ; 0    ; 0            ; |subtop|registerFile:rf|enreg8bit:reg4|mydff:bit6                ; work         ;
;          |mydff:bit7|          ; 0 (0)             ; 1 (1)        ; 0           ; 0            ; 0       ; 0         ; 0    ; 0            ; |subtop|registerFile:rf|enreg8bit:reg4|mydff:bit7                ; work         ;
;       |enreg8bit:reg5|         ; 0 (0)             ; 8 (0)        ; 0           ; 0            ; 0       ; 0         ; 0    ; 0            ; |subtop|registerFile:rf|enreg8bit:reg5                           ; work         ;
;          |mydff:bit0|          ; 0 (0)             ; 1 (1)        ; 0           ; 0            ; 0       ; 0         ; 0    ; 0            ; |subtop|registerFile:rf|enreg8bit:reg5|mydff:bit0                ; work         ;
;          |mydff:bit1|          ; 0 (0)             ; 1 (1)        ; 0           ; 0            ; 0       ; 0         ; 0    ; 0            ; |subtop|registerFile:rf|enreg8bit:reg5|mydff:bit1                ; work         ;
;          |mydff:bit2|          ; 0 (0)             ; 1 (1)        ; 0           ; 0            ; 0       ; 0         ; 0    ; 0            ; |subtop|registerFile:rf|enreg8bit:reg5|mydff:bit2                ; work         ;
;          |mydff:bit3|          ; 0 (0)             ; 1 (1)        ; 0           ; 0            ; 0       ; 0         ; 0    ; 0            ; |subtop|registerFile:rf|enreg8bit:reg5|mydff:bit3                ; work         ;
;          |mydff:bit4|          ; 0 (0)             ; 1 (1)        ; 0           ; 0            ; 0       ; 0         ; 0    ; 0            ; |subtop|registerFile:rf|enreg8bit:reg5|mydff:bit4                ; work         ;
;          |mydff:bit5|          ; 0 (0)             ; 1 (1)        ; 0           ; 0            ; 0       ; 0         ; 0    ; 0            ; |subtop|registerFile:rf|enreg8bit:reg5|mydff:bit5                ; work         ;
;          |mydff:bit6|          ; 0 (0)             ; 1 (1)        ; 0           ; 0            ; 0       ; 0         ; 0    ; 0            ; |subtop|registerFile:rf|enreg8bit:reg5|mydff:bit6                ; work         ;
;          |mydff:bit7|          ; 0 (0)             ; 1 (1)        ; 0           ; 0            ; 0       ; 0         ; 0    ; 0            ; |subtop|registerFile:rf|enreg8bit:reg5|mydff:bit7                ; work         ;
;       |enreg8bit:reg6|         ; 0 (0)             ; 8 (0)        ; 0           ; 0            ; 0       ; 0         ; 0    ; 0            ; |subtop|registerFile:rf|enreg8bit:reg6                           ; work         ;
;          |mydff:bit0|          ; 0 (0)             ; 1 (1)        ; 0           ; 0            ; 0       ; 0         ; 0    ; 0            ; |subtop|registerFile:rf|enreg8bit:reg6|mydff:bit0                ; work         ;
;          |mydff:bit1|          ; 0 (0)             ; 1 (1)        ; 0           ; 0            ; 0       ; 0         ; 0    ; 0            ; |subtop|registerFile:rf|enreg8bit:reg6|mydff:bit1                ; work         ;
;          |mydff:bit2|          ; 0 (0)             ; 1 (1)        ; 0           ; 0            ; 0       ; 0         ; 0    ; 0            ; |subtop|registerFile:rf|enreg8bit:reg6|mydff:bit2                ; work         ;
;          |mydff:bit3|          ; 0 (0)             ; 1 (1)        ; 0           ; 0            ; 0       ; 0         ; 0    ; 0            ; |subtop|registerFile:rf|enreg8bit:reg6|mydff:bit3                ; work         ;
;          |mydff:bit4|          ; 0 (0)             ; 1 (1)        ; 0           ; 0            ; 0       ; 0         ; 0    ; 0            ; |subtop|registerFile:rf|enreg8bit:reg6|mydff:bit4                ; work         ;
;          |mydff:bit5|          ; 0 (0)             ; 1 (1)        ; 0           ; 0            ; 0       ; 0         ; 0    ; 0            ; |subtop|registerFile:rf|enreg8bit:reg6|mydff:bit5                ; work         ;
;          |mydff:bit6|          ; 0 (0)             ; 1 (1)        ; 0           ; 0            ; 0       ; 0         ; 0    ; 0            ; |subtop|registerFile:rf|enreg8bit:reg6|mydff:bit6                ; work         ;
;          |mydff:bit7|          ; 0 (0)             ; 1 (1)        ; 0           ; 0            ; 0       ; 0         ; 0    ; 0            ; |subtop|registerFile:rf|enreg8bit:reg6|mydff:bit7                ; work         ;
;       |enreg8bit:reg7|         ; 0 (0)             ; 8 (0)        ; 0           ; 0            ; 0       ; 0         ; 0    ; 0            ; |subtop|registerFile:rf|enreg8bit:reg7                           ; work         ;
;          |mydff:bit0|          ; 0 (0)             ; 1 (1)        ; 0           ; 0            ; 0       ; 0         ; 0    ; 0            ; |subtop|registerFile:rf|enreg8bit:reg7|mydff:bit0                ; work         ;
;          |mydff:bit1|          ; 0 (0)             ; 1 (1)        ; 0           ; 0            ; 0       ; 0         ; 0    ; 0            ; |subtop|registerFile:rf|enreg8bit:reg7|mydff:bit1                ; work         ;
;          |mydff:bit2|          ; 0 (0)             ; 1 (1)        ; 0           ; 0            ; 0       ; 0         ; 0    ; 0            ; |subtop|registerFile:rf|enreg8bit:reg7|mydff:bit2                ; work         ;
;          |mydff:bit3|          ; 0 (0)             ; 1 (1)        ; 0           ; 0            ; 0       ; 0         ; 0    ; 0            ; |subtop|registerFile:rf|enreg8bit:reg7|mydff:bit3                ; work         ;
;          |mydff:bit4|          ; 0 (0)             ; 1 (1)        ; 0           ; 0            ; 0       ; 0         ; 0    ; 0            ; |subtop|registerFile:rf|enreg8bit:reg7|mydff:bit4                ; work         ;
;          |mydff:bit5|          ; 0 (0)             ; 1 (1)        ; 0           ; 0            ; 0       ; 0         ; 0    ; 0            ; |subtop|registerFile:rf|enreg8bit:reg7|mydff:bit5                ; work         ;
;          |mydff:bit6|          ; 0 (0)             ; 1 (1)        ; 0           ; 0            ; 0       ; 0         ; 0    ; 0            ; |subtop|registerFile:rf|enreg8bit:reg7|mydff:bit6                ; work         ;
;          |mydff:bit7|          ; 0 (0)             ; 1 (1)        ; 0           ; 0            ; 0       ; 0         ; 0    ; 0            ; |subtop|registerFile:rf|enreg8bit:reg7|mydff:bit7                ; work         ;
;       |mux8to1_8bit:muxReg1|   ; 40 (0)            ; 0 (0)        ; 0           ; 0            ; 0       ; 0         ; 0    ; 0            ; |subtop|registerFile:rf|mux8to1_8bit:muxReg1                     ; work         ;
;          |mux2to1_8bit:muxout| ; 40 (40)           ; 0 (0)        ; 0           ; 0            ; 0       ; 0         ; 0    ; 0            ; |subtop|registerFile:rf|mux8to1_8bit:muxReg1|mux2to1_8bit:muxout ; work         ;
;       |mux8to1_8bit:muxReg2|   ; 40 (0)            ; 0 (0)        ; 0           ; 0            ; 0       ; 0         ; 0    ; 0            ; |subtop|registerFile:rf|mux8to1_8bit:muxReg2                     ; work         ;
;          |mux2to1_8bit:muxout| ; 40 (40)           ; 0 (0)        ; 0           ; 0            ; 0       ; 0         ; 0    ; 0            ; |subtop|registerFile:rf|mux8to1_8bit:muxReg2|mux2to1_8bit:muxout ; work         ;
+--------------------------------+-------------------+--------------+-------------+--------------+---------+-----------+------+--------------+------------------------------------------------------------------+--------------+
Note: For table entries with two numbers listed, the numbers in parentheses indicate the number of resources of the given type used by the specific entity alone. The numbers listed outside of parentheses indicate the total resources of the given type used by the specific entity and all of its sub-entities in the hierarchy.


+------------------------------------------------------+
; General Register Statistics                          ;
+----------------------------------------------+-------+
; Statistic                                    ; Value ;
+----------------------------------------------+-------+
; Total registers                              ; 64    ;
; Number of registers using Synchronous Clear  ; 0     ;
; Number of registers using Synchronous Load   ; 0     ;
; Number of registers using Asynchronous Clear ; 0     ;
; Number of registers using Asynchronous Load  ; 0     ;
; Number of registers using Clock Enable       ; 64    ;
; Number of registers using Preset             ; 0     ;
+----------------------------------------------+-------+


+--------------------------------------------------------------------------------------------------------------------------------------------------------------------------------------------+
; Multiplexer Restructuring Statistics (Restructuring Performed)                                                                                                                             ;
+--------------------+-----------+---------------+----------------------+------------------------+------------+------------------------------------------------------------------------------+
; Multiplexer Inputs ; Bus Width ; Baseline Area ; Area if Restructured ; Saving if Restructured ; Registered ; Example Multiplexer Output                                                   ;
+--------------------+-----------+---------------+----------------------+------------------------+------------+------------------------------------------------------------------------------+
; 3:1                ; 8 bits    ; 16 LEs        ; 16 LEs               ; 0 LEs                  ; No         ; |subtop|alu8bit:alu|mux8to1_8bit:mux|mux2to1_8bit:muxout|o_output[4]         ;
; 8:1                ; 8 bits    ; 40 LEs        ; 40 LEs               ; 0 LEs                  ; No         ; |subtop|registerFile:rf|mux8to1_8bit:muxReg2|mux2to1_8bit:muxout|o_output[7] ;
; 8:1                ; 8 bits    ; 40 LEs        ; 40 LEs               ; 0 LEs                  ; No         ; |subtop|registerFile:rf|mux8to1_8bit:muxReg1|mux2to1_8bit:muxout|o_output[6] ;
+--------------------+-----------+---------------+----------------------+------------------------+------------+------------------------------------------------------------------------------+


+-------------------------------------------------------------------------------------------------------------------+
; Port Connectivity Checks: "CLA_top:adder"                                                                         ;
+---------+--------+----------+-------------------------------------------------------------------------------------+
; Port    ; Type   ; Severity ; Details                                                                             ;
+---------+--------+----------+-------------------------------------------------------------------------------------+
; b[1..0] ; Input  ; Info     ; Stuck at GND                                                                        ;
; cin     ; Input  ; Info     ; Stuck at GND                                                                        ;
; cout    ; Output ; Info     ; Connected to dangling logic. Logic that only feeds a dangling port will be removed. ;
+---------+--------+----------+-------------------------------------------------------------------------------------+


+----------------------------------------------------------+
; Port Connectivity Checks: "alu8bit:alu|mux8to1_8bit:mux" ;
+------+-------+----------+--------------------------------+
; Port ; Type  ; Severity ; Details                        ;
+------+-------+----------+--------------------------------+
; i_3  ; Input ; Info     ; Stuck at GND                   ;
; i_4  ; Input ; Info     ; Stuck at GND                   ;
; i_5  ; Input ; Info     ; Stuck at GND                   ;
+------+-------+----------+--------------------------------+


+-------------------------------------------------------------------------------------------------------------------+
; Port Connectivity Checks: "alu8bit:alu|CLA_top2:suber"                                                            ;
+---------+--------+----------+-------------------------------------------------------------------------------------+
; Port    ; Type   ; Severity ; Details                                                                             ;
+---------+--------+----------+-------------------------------------------------------------------------------------+
; a[9..8] ; Input  ; Info     ; Stuck at GND                                                                        ;
; b[9..8] ; Input  ; Info     ; Stuck at GND                                                                        ;
; op      ; Input  ; Info     ; Stuck at VCC                                                                        ;
; s[9..8] ; Output ; Info     ; Connected to dangling logic. Logic that only feeds a dangling port will be removed. ;
; cout    ; Output ; Info     ; Connected to dangling logic. Logic that only feeds a dangling port will be removed. ;
+---------+--------+----------+-------------------------------------------------------------------------------------+


+-------------------------------------------------------------------------------------------------------------------+
; Port Connectivity Checks: "alu8bit:alu|CLA_top2:adder"                                                            ;
+---------+--------+----------+-------------------------------------------------------------------------------------+
; Port    ; Type   ; Severity ; Details                                                                             ;
+---------+--------+----------+-------------------------------------------------------------------------------------+
; a[9..8] ; Input  ; Info     ; Stuck at GND                                                                        ;
; b[9..8] ; Input  ; Info     ; Stuck at GND                                                                        ;
; op      ; Input  ; Info     ; Stuck at GND                                                                        ;
; s[9..8] ; Output ; Info     ; Connected to dangling logic. Logic that only feeds a dangling port will be removed. ;
; cout    ; Output ; Info     ; Connected to dangling logic. Logic that only feeds a dangling port will be removed. ;
+---------+--------+----------+-------------------------------------------------------------------------------------+


+------------------------------------------------------------------------------------------------------------------+
; Port Connectivity Checks: "registerFile:rf|enreg8bit:reg0|mydff:bit7"                                            ;
+--------+--------+----------+-------------------------------------------------------------------------------------+
; Port   ; Type   ; Severity ; Details                                                                             ;
+--------+--------+----------+-------------------------------------------------------------------------------------+
; i_set  ; Input  ; Info     ; Stuck at VCC                                                                        ;
; o_qbar ; Output ; Info     ; Connected to dangling logic. Logic that only feeds a dangling port will be removed. ;
+--------+--------+----------+-------------------------------------------------------------------------------------+


+------------------------------------------------------------------------------------------------------------------+
; Port Connectivity Checks: "registerFile:rf|enreg8bit:reg0|mydff:bit6"                                            ;
+--------+--------+----------+-------------------------------------------------------------------------------------+
; Port   ; Type   ; Severity ; Details                                                                             ;
+--------+--------+----------+-------------------------------------------------------------------------------------+
; i_set  ; Input  ; Info     ; Stuck at VCC                                                                        ;
; o_qbar ; Output ; Info     ; Connected to dangling logic. Logic that only feeds a dangling port will be removed. ;
+--------+--------+----------+-------------------------------------------------------------------------------------+


+------------------------------------------------------------------------------------------------------------------+
; Port Connectivity Checks: "registerFile:rf|enreg8bit:reg0|mydff:bit5"                                            ;
+--------+--------+----------+-------------------------------------------------------------------------------------+
; Port   ; Type   ; Severity ; Details                                                                             ;
+--------+--------+----------+-------------------------------------------------------------------------------------+
; i_set  ; Input  ; Info     ; Stuck at VCC                                                                        ;
; o_qbar ; Output ; Info     ; Connected to dangling logic. Logic that only feeds a dangling port will be removed. ;
+--------+--------+----------+-------------------------------------------------------------------------------------+


+------------------------------------------------------------------------------------------------------------------+
; Port Connectivity Checks: "registerFile:rf|enreg8bit:reg0|mydff:bit4"                                            ;
+--------+--------+----------+-------------------------------------------------------------------------------------+
; Port   ; Type   ; Severity ; Details                                                                             ;
+--------+--------+----------+-------------------------------------------------------------------------------------+
; i_set  ; Input  ; Info     ; Stuck at VCC                                                                        ;
; o_qbar ; Output ; Info     ; Connected to dangling logic. Logic that only feeds a dangling port will be removed. ;
+--------+--------+----------+-------------------------------------------------------------------------------------+


+------------------------------------------------------------------------------------------------------------------+
; Port Connectivity Checks: "registerFile:rf|enreg8bit:reg0|mydff:bit3"                                            ;
+--------+--------+----------+-------------------------------------------------------------------------------------+
; Port   ; Type   ; Severity ; Details                                                                             ;
+--------+--------+----------+-------------------------------------------------------------------------------------+
; i_set  ; Input  ; Info     ; Stuck at VCC                                                                        ;
; o_qbar ; Output ; Info     ; Connected to dangling logic. Logic that only feeds a dangling port will be removed. ;
+--------+--------+----------+-------------------------------------------------------------------------------------+


+------------------------------------------------------------------------------------------------------------------+
; Port Connectivity Checks: "registerFile:rf|enreg8bit:reg0|mydff:bit2"                                            ;
+--------+--------+----------+-------------------------------------------------------------------------------------+
; Port   ; Type   ; Severity ; Details                                                                             ;
+--------+--------+----------+-------------------------------------------------------------------------------------+
; i_set  ; Input  ; Info     ; Stuck at VCC                                                                        ;
; o_qbar ; Output ; Info     ; Connected to dangling logic. Logic that only feeds a dangling port will be removed. ;
+--------+--------+----------+-------------------------------------------------------------------------------------+


+------------------------------------------------------------------------------------------------------------------+
; Port Connectivity Checks: "registerFile:rf|enreg8bit:reg0|mydff:bit1"                                            ;
+--------+--------+----------+-------------------------------------------------------------------------------------+
; Port   ; Type   ; Severity ; Details                                                                             ;
+--------+--------+----------+-------------------------------------------------------------------------------------+
; i_set  ; Input  ; Info     ; Stuck at VCC                                                                        ;
; o_qbar ; Output ; Info     ; Connected to dangling logic. Logic that only feeds a dangling port will be removed. ;
+--------+--------+----------+-------------------------------------------------------------------------------------+


+------------------------------------------------------------------------------------------------------------------+
; Port Connectivity Checks: "registerFile:rf|enreg8bit:reg0|mydff:bit0"                                            ;
+--------+--------+----------+-------------------------------------------------------------------------------------+
; Port   ; Type   ; Severity ; Details                                                                             ;
+--------+--------+----------+-------------------------------------------------------------------------------------+
; i_set  ; Input  ; Info     ; Stuck at VCC                                                                        ;
; o_qbar ; Output ; Info     ; Connected to dangling logic. Logic that only feeds a dangling port will be removed. ;
+--------+--------+----------+-------------------------------------------------------------------------------------+


+---------------------------------------------+
; Port Connectivity Checks: "registerFile:rf" ;
+-------+-------+----------+------------------+
; Port  ; Type  ; Severity ; Details          ;
+-------+-------+----------+------------------+
; i_clr ; Input ; Info     ; Stuck at VCC     ;
+-------+-------+----------+------------------+


+-------------------------------+
; Elapsed Time Per Partition    ;
+----------------+--------------+
; Partition Name ; Elapsed Time ;
+----------------+--------------+
; Top            ; 00:00:00     ;
+----------------+--------------+


+-------------------------------+
; Analysis & Synthesis Messages ;
+-------------------------------+
Info: *******************************************************************
Info: Running Quartus II 64-Bit Analysis & Synthesis
    Info: Version 13.0.1 Build 232 06/12/2013 Service Pack 1 SJ Web Edition
    Info: Processing started: Wed Mar 22 23:12:16 2023
Info: Command: quartus_map --read_settings_files=on --write_settings_files=off mips_processor -c mips_processor
Warning (20028): Parallel compilation is not licensed and has been disabled
Info (12021): Found 2 design units, including 1 entities, in source file partialadder.vhd
    Info (12022): Found design unit 1: PartialAdder-struct
    Info (12023): Found entity 1: PartialAdder
Info (12021): Found 2 design units, including 1 entities, in source file controlunit.vhd
    Info (12022): Found design unit 1: ControlUnit-rtl
    Info (12023): Found entity 1: ControlUnit
Info (12021): Found 2 design units, including 1 entities, in source file cla_top.vhd
    Info (12022): Found design unit 1: CLA_top-struct
    Info (12023): Found entity 1: CLA_top
Info (12021): Found 2 design units, including 1 entities, in source file aluctrlunit.vhd
    Info (12022): Found design unit 1: ALUCtrlUnit-rtl
    Info (12023): Found entity 1: ALUCtrlUnit
Info (12021): Found 2 design units, including 1 entities, in source file mytff.vhd
    Info (12022): Found design unit 1: mytff-rtl
    Info (12023): Found entity 1: mytff
Info (12021): Found 2 design units, including 1 entities, in source file mydff.vhd
    Info (12022): Found design unit 1: mydff-rtl
    Info (12023): Found entity 1: mydff
Info (12021): Found 2 design units, including 1 entities, in source file enreg8bit.vhd
    Info (12022): Found design unit 1: enreg8bit-enreg_rtl
    Info (12023): Found entity 1: enreg8bit
Info (12021): Found 2 design units, including 1 entities, in source file mux2to1_8bit.vhd
    Info (12022): Found design unit 1: mux2to1_8bit-mux2rtl
    Info (12023): Found entity 1: mux2to1_8bit
Info (12021): Found 2 design units, including 1 entities, in source file mux8to1_8bit.vhd
    Info (12022): Found design unit 1: mux8to1_8bit-mux8rtl
    Info (12023): Found entity 1: mux8to1_8bit
Info (12021): Found 2 design units, including 1 entities, in source file decoder3to8.vhd
    Info (12022): Found design unit 1: decoder3to8-decrtl
    Info (12023): Found entity 1: decoder3to8
Info (12021): Found 2 design units, including 1 entities, in source file registerfile.vhd
    Info (12022): Found design unit 1: registerFile-regFile_rtl
    Info (12023): Found entity 1: registerFile
Info (12021): Found 2 design units, including 1 entities, in source file cla_top2.vhd
    Info (12022): Found design unit 1: CLA_top2-struct
    Info (12023): Found entity 1: CLA_top2
Info (12021): Found 2 design units, including 1 entities, in source file alu8bit.vhd
    Info (12022): Found design unit 1: alu8bit-alu8b_rtl
    Info (12023): Found entity 1: alu8bit
Info (12021): Found 1 design units, including 1 entities, in source file mips_processor.bdf
    Info (12023): Found entity 1: mips_processor
Info (12021): Found 2 design units, including 1 entities, in source file subtop.vhd
    Info (12022): Found design unit 1: subtop-subtop_rtl
    Info (12023): Found entity 1: subtop
Info (12021): Found 2 design units, including 1 entities, in source file mux2to1_3bit.vhd
    Info (12022): Found design unit 1: mux2to1_3bit-mux2rtl
    Info (12023): Found entity 1: mux2to1_3bit
Info (12021): Found 2 design units, including 1 entities, in source file mux2to1_10bit.vhd
    Info (12022): Found design unit 1: mux2to1_10bit-mux2rtl
    Info (12023): Found entity 1: mux2to1_10bit
Info (12021): Found 2 design units, including 1 entities, in source file enreg10bit.vhd
    Info (12022): Found design unit 1: enreg10bit-enreg_rtl
    Info (12023): Found entity 1: enreg10bit
Info (12127): Elaborating entity "subtop" for the top level hierarchy
Info (12128): Elaborating entity "ControlUnit" for hierarchy "ControlUnit:ctl"
Info (12128): Elaborating entity "ALUCtrlUnit" for hierarchy "ALUCtrlUnit:aluctl"
Info (12128): Elaborating entity "registerFile" for hierarchy "registerFile:rf"
Info (12128): Elaborating entity "enreg8bit" for hierarchy "registerFile:rf|enreg8bit:reg0"
Info (12128): Elaborating entity "mydff" for hierarchy "registerFile:rf|enreg8bit:reg0|mydff:bit0"
Info (12128): Elaborating entity "decoder3to8" for hierarchy "registerFile:rf|decoder3to8:dec"
Info (12128): Elaborating entity "mux8to1_8bit" for hierarchy "registerFile:rf|mux8to1_8bit:muxReg1"
Info (12128): Elaborating entity "mux2to1_8bit" for hierarchy "registerFile:rf|mux8to1_8bit:muxReg1|mux2to1_8bit:mux01"
Info (12128): Elaborating entity "mux2to1_3bit" for hierarchy "mux2to1_3bit:rtrdMux"
Info (12128): Elaborating entity "alu8bit" for hierarchy "alu8bit:alu"
Warning (10540): VHDL Signal Declaration warning at alu8bit.vhd(31): used explicit default value for signal "zeros" because signal was never assigned a value
Critical Warning (10920): VHDL Incomplete Partial Association warning at alu8bit.vhd(49): port or argument "S" has 2/10 unassociated elements
Critical Warning (10920): VHDL Incomplete Partial Association warning at alu8bit.vhd(50): port or argument "S" has 2/10 unassociated elements
Info (12128): Elaborating entity "CLA_top2" for hierarchy "alu8bit:alu|CLA_top2:adder"
Info (12128): Elaborating entity "PartialAdder" for hierarchy "alu8bit:alu|CLA_top2:adder|PartialAdder:PA0"
Info (12128): Elaborating entity "CLA_top" for hierarchy "CLA_top:adder"
Info (12128): Elaborating entity "mux2to1_10bit" for hierarchy "mux2to1_10bit:branchMux"
Info (286030): Timing-Driven Synthesis is running
Info (16010): Generating hard_block partition "hard_block:auto_generated_inst"
    Info (16011): Adding 0 node(s), including 0 DDIO, 0 PLL, 0 transceiver and 0 LCELL
Warning (21074): Design contains 9 input pin(s) that do not drive logic
    Warning (15610): No output dependent on input pin "i_instruction[8]"
    Warning (15610): No output dependent on input pin "i_instruction[9]"
    Warning (15610): No output dependent on input pin "i_instruction[10]"
    Warning (15610): No output dependent on input pin "i_instruction[14]"
    Warning (15610): No output dependent on input pin "i_instruction[15]"
    Warning (15610): No output dependent on input pin "i_instruction[19]"
    Warning (15610): No output dependent on input pin "i_instruction[20]"
    Warning (15610): No output dependent on input pin "i_instruction[24]"
    Warning (15610): No output dependent on input pin "i_instruction[25]"
Info (21057): Implemented 343 device resources after synthesis - the final resource count might be different
    Info (21058): Implemented 51 input pins
    Info (21059): Implemented 29 output pins
    Info (21061): Implemented 263 logic cells
Info: Quartus II 64-Bit Analysis & Synthesis was successful. 0 errors, 14 warnings
    Info: Peak virtual memory: 4628 megabytes
    Info: Processing ended: Wed Mar 22 23:12:19 2023
    Info: Elapsed time: 00:00:03
    Info: Total CPU time (on all processors): 00:00:02


